  projectile.c
d:\2d\2dproj\watchabuyin\watchabuyin\include\gf2d_text.h(81): error C2061: syntax error: identifier 'TTF_Font'
d:\2d\2dproj\watchabuyin\watchabuyin\include\gf2d_text.h(84): error C2059: syntax error: '}'
  UI.c
d:\2d\2dproj\watchabuyin\watchabuyin\src\ui.c(33): warning C4018: '<': signed/unsigned mismatch
d:\2d\2dproj\watchabuyin\watchabuyin\src\ui.c(66): warning C4018: '<': signed/unsigned mismatch
d:\2d\2dproj\watchabuyin\watchabuyin\src\ui.c(106): warning C4018: '<': signed/unsigned mismatch
d:\2d\2dproj\watchabuyin\watchabuyin\src\ui.c(122): warning C4244: '=': conversion from 'double' to 'int', possible loss of data
d:\2d\2dproj\watchabuyin\watchabuyin\src\ui.c(123): warning C4244: '=': conversion from 'double' to 'int', possible loss of data
d:\2d\2dproj\watchabuyin\watchabuyin\src\ui.c(131): warning C4018: '<': signed/unsigned mismatch
  editor.c
d:\2d\2dproj\watchabuyin\watchabuyin\include\gf2d_text.h(81): error C2061: syntax error: identifier 'TTF_Font'
d:\2d\2dproj\watchabuyin\watchabuyin\include\gf2d_text.h(84): error C2059: syntax error: '}'
d:\2d\2dproj\watchabuyin\watchabuyin\src\editor.c(29): warning C4244: '=': conversion from 'double' to 'float', possible loss of data
d:\2d\2dproj\watchabuyin\watchabuyin\src\editor.c(30): warning C4244: '=': conversion from 'double' to 'float', possible loss of data
d:\2d\2dproj\watchabuyin\watchabuyin\src\editor.c(31): warning C4244: '=': conversion from 'double' to 'float', possible loss of data
d:\2d\2dproj\watchabuyin\watchabuyin\src\editor.c(32): warning C4244: '=': conversion from 'double' to 'float', possible loss of data
  entity_common.c
d:\2d\2dproj\watchabuyin\watchabuyin\include\gf2d_text.h(81): error C2061: syntax error: identifier 'TTF_Font'
d:\2d\2dproj\watchabuyin\watchabuyin\include\gf2d_text.h(84): error C2059: syntax error: '}'
d:\2d\2dproj\watchabuyin\watchabuyin\src\entity_common.c(41): warning C4244: '=': conversion from 'double' to 'float', possible loss of data
d:\2d\2dproj\watchabuyin\watchabuyin\src\entity_common.c(65): warning C4305: '+=': truncation from 'double' to 'float'
d:\2d\2dproj\watchabuyin\watchabuyin\src\entity_common.c(66): warning C4305: '-=': truncation from 'double' to 'float'
d:\2d\2dproj\watchabuyin\watchabuyin\src\entity_common.c(67): warning C4244: '-=': conversion from 'double' to 'float', possible loss of data
d:\2d\2dproj\watchabuyin\watchabuyin\src\entity_common.c(69): warning C4244: '=': conversion from 'double' to 'float', possible loss of data
d:\2d\2dproj\watchabuyin\watchabuyin\src\entity_common.c(85): warning C4305: '+=': truncation from 'double' to 'float'
d:\2d\2dproj\watchabuyin\watchabuyin\src\entity_common.c(86): warning C4305: '-=': truncation from 'double' to 'float'
d:\2d\2dproj\watchabuyin\watchabuyin\src\entity_common.c(87): warning C4244: '+=': conversion from 'double' to 'float', possible loss of data
d:\2d\2dproj\watchabuyin\watchabuyin\src\entity_common.c(89): warning C4244: '=': conversion from 'double' to 'float', possible loss of data
d:\2d\2dproj\watchabuyin\watchabuyin\src\entity_common.c(104): warning C4244: '-=': conversion from 'double' to 'float', possible loss of data
d:\2d\2dproj\watchabuyin\watchabuyin\src\entity_common.c(106): warning C4305: '+=': truncation from 'double' to 'float'
d:\2d\2dproj\watchabuyin\watchabuyin\src\entity_common.c(107): warning C4305: '-=': truncation from 'double' to 'float'
d:\2d\2dproj\watchabuyin\watchabuyin\src\entity_common.c(108): warning C4244: '=': conversion from 'double' to 'float', possible loss of data
d:\2d\2dproj\watchabuyin\watchabuyin\src\entity_common.c(123): warning C4244: '+=': conversion from 'double' to 'float', possible loss of data
d:\2d\2dproj\watchabuyin\watchabuyin\src\entity_common.c(125): warning C4305: '+=': truncation from 'double' to 'float'
d:\2d\2dproj\watchabuyin\watchabuyin\src\entity_common.c(126): warning C4305: '-=': truncation from 'double' to 'float'
d:\2d\2dproj\watchabuyin\watchabuyin\src\entity_common.c(127): warning C4244: '=': conversion from 'double' to 'float', possible loss of data
d:\2d\2dproj\watchabuyin\watchabuyin\src\entity_common.c(138): warning C4305: 'function': truncation from 'double' to 'float'
d:\2d\2dproj\watchabuyin\watchabuyin\src\entity_common.c(142): warning C4305: 'function': truncation from 'double' to 'float'
d:\2d\2dproj\watchabuyin\watchabuyin\src\entity_common.c(146): warning C4305: 'function': truncation from 'double' to 'float'
d:\2d\2dproj\watchabuyin\watchabuyin\src\entity_common.c(150): warning C4305: 'function': truncation from 'double' to 'float'
  game.c
d:\2d\2dproj\watchabuyin\watchabuyin\src\game.c(88): warning C4047: 'function': 'char *' differs in levels of indirection from 'int'
d:\2d\2dproj\watchabuyin\watchabuyin\src\game.c(88): warning C4024: 'gf2d_text_init': different types for formal and actual parameter 1
d:\2d\2dproj\watchabuyin\watchabuyin\src\game.c(161): warning C4013: 'gf2d_fonts_load' undefined; assuming extern returning int
d:\2d\2dproj\watchabuyin\watchabuyin\src\game.c(162): warning C4013: 'gf2d_font_getBounds' undefined; assuming extern returning int
d:\2d\2dproj\watchabuyin\watchabuyin\src\game.c(48): warning C4101: 'myFont': unreferenced local variable
  gf2d_actor.c
d:\2d\2dproj\watchabuyin\watchabuyin\include\gf2d_text.h(81): error C2061: syntax error: identifier 'TTF_Font'
d:\2d\2dproj\watchabuyin\watchabuyin\include\gf2d_text.h(84): error C2059: syntax error: '}'
d:\2d\2dproj\watchabuyin\watchabuyin\src\gf2d_actor.c(40): warning C4113: 'void (__cdecl *)()' differs in parameter lists from 'void (__cdecl *)(void)'
d:\2d\2dproj\watchabuyin\watchabuyin\src\gf2d_actor.c(62): warning C4018: '<': signed/unsigned mismatch
d:\2d\2dproj\watchabuyin\watchabuyin\src\gf2d_actor.c(72): warning C4018: '<': signed/unsigned mismatch
d:\2d\2dproj\watchabuyin\watchabuyin\src\gf2d_actor.c(81): warning C4018: '<': signed/unsigned mismatch
d:\2d\2dproj\watchabuyin\watchabuyin\src\gf2d_actor.c(102): warning C4018: '<': signed/unsigned mismatch
d:\2d\2dproj\watchabuyin\watchabuyin\src\gf2d_actor.c(297): warning C4244: 'return': conversion from 'int' to 'float', possible loss of data
d:\2d\2dproj\watchabuyin\watchabuyin\src\gf2d_actor.c(325): warning C4244: '=': conversion from 'int' to 'float', possible loss of data
d:\2d\2dproj\watchabuyin\watchabuyin\src\gf2d_actor.c(328): warning C4244: '=': conversion from 'int' to 'float', possible loss of data
  gf2d_audio.c
d:\2d\2dproj\watchabuyin\watchabuyin\include\gf2d_text.h(81): error C2061: syntax error: identifier 'TTF_Font'
d:\2d\2dproj\watchabuyin\watchabuyin\include\gf2d_text.h(84): error C2059: syntax error: '}'
d:\2d\2dproj\watchabuyin\watchabuyin\src\gf2d_audio.c(45): warning C4113: 'void (__cdecl *)()' differs in parameter lists from 'void (__cdecl *)(void)'
d:\2d\2dproj\watchabuyin\watchabuyin\src\gf2d_audio.c(78): warning C4113: 'void (__cdecl *)()' differs in parameter lists from 'void (__cdecl *)(void)'
d:\2d\2dproj\watchabuyin\watchabuyin\src\gf2d_audio.c(100): warning C4018: '<': signed/unsigned mismatch
d:\2d\2dproj\watchabuyin\watchabuyin\src\gf2d_audio.c(110): warning C4018: '<': signed/unsigned mismatch
d:\2d\2dproj\watchabuyin\watchabuyin\src\gf2d_audio.c(119): warning C4018: '<': signed/unsigned mismatch
d:\2d\2dproj\watchabuyin\watchabuyin\src\gf2d_audio.c(135): warning C4018: '<': signed/unsigned mismatch
  gf2d_collision.c
d:\2d\2dproj\watchabuyin\watchabuyin\include\gf2d_text.h(81): error C2061: syntax error: identifier 'TTF_Font'
d:\2d\2dproj\watchabuyin\watchabuyin\include\gf2d_text.h(84): error C2059: syntax error: '}'
d:\2d\2dproj\watchabuyin\watchabuyin\src\gf2d_collision.c(188): warning C4244: '=': conversion from 'double' to 'int', possible loss of data
d:\2d\2dproj\watchabuyin\watchabuyin\src\gf2d_collision.c(218): warning C4305: 'function': truncation from 'double' to 'float'
d:\2d\2dproj\watchabuyin\watchabuyin\src\gf2d_collision.c(223): warning C4305: 'function': truncation from 'double' to 'float'
d:\2d\2dproj\watchabuyin\watchabuyin\src\gf2d_collision.c(228): warning C4305: 'function': truncation from 'double' to 'float'
d:\2d\2dproj\watchabuyin\watchabuyin\src\gf2d_collision.c(233): warning C4305: 'function': truncation from 'double' to 'float'
d:\2d\2dproj\watchabuyin\watchabuyin\src\gf2d_collision.c(290): warning C4244: '=': conversion from 'double' to 'float', possible loss of data
d:\2d\2dproj\watchabuyin\watchabuyin\src\gf2d_collision.c(302): warning C4244: '=': conversion from 'double' to 'float', possible loss of data
d:\2d\2dproj\watchabuyin\watchabuyin\src\gf2d_collision.c(303): warning C4244: '=': conversion from 'double' to 'float', possible loss of data
  gf2d_element_actor.c
d:\2d\2dproj\watchabuyin\watchabuyin\include\gf2d_text.h(81): error C2061: syntax error: identifier 'TTF_Font'
d:\2d\2dproj\watchabuyin\watchabuyin\include\gf2d_text.h(84): error C2059: syntax error: '}'
  gf2d_element_button.c
d:\2d\2dproj\watchabuyin\watchabuyin\include\gf2d_text.h(81): error C2061: syntax error: identifier 'TTF_Font'
d:\2d\2dproj\watchabuyin\watchabuyin\include\gf2d_text.h(84): error C2059: syntax error: '}'
  gf2d_element_entry.c
d:\2d\2dproj\watchabuyin\watchabuyin\include\gf2d_text.h(81): error C2061: syntax error: identifier 'TTF_Font'
d:\2d\2dproj\watchabuyin\watchabuyin\include\gf2d_text.h(84): error C2059: syntax error: '}'
d:\2d\2dproj\watchabuyin\watchabuyin\src\gf2d_element_entry.c(18): warning C4244: 'function': conversion from 'double' to 'float', possible loss of data
d:\2d\2dproj\watchabuyin\watchabuyin\src\gf2d_element_entry.c(19): warning C4244: 'function': conversion from 'double' to 'float', possible loss of data
  gf2d_element_label.c
d:\2d\2dproj\watchabuyin\watchabuyin\include\gf2d_text.h(81): error C2061: syntax error: identifier 'TTF_Font'
d:\2d\2dproj\watchabuyin\watchabuyin\include\gf2d_text.h(84): error C2059: syntax error: '}'
  gf2d_element_list.c
d:\2d\2dproj\watchabuyin\watchabuyin\include\gf2d_text.h(81): error C2061: syntax error: identifier 'TTF_Font'
d:\2d\2dproj\watchabuyin\watchabuyin\include\gf2d_text.h(84): error C2059: syntax error: '}'
d:\2d\2dproj\watchabuyin\watchabuyin\src\gf2d_element_list.c(16): warning C4244: '=': conversion from 'double' to 'int', possible loss of data
d:\2d\2dproj\watchabuyin\watchabuyin\src\gf2d_element_list.c(23): warning C4244: '=': conversion from 'double' to 'int', possible loss of data
  gf2d_elements.c
d:\2d\2dproj\watchabuyin\watchabuyin\include\gf2d_text.h(81): error C2061: syntax error: identifier 'TTF_Font'
d:\2d\2dproj\watchabuyin\watchabuyin\include\gf2d_text.h(84): error C2059: syntax error: '}'
d:\2d\2dproj\watchabuyin\watchabuyin\src\gf2d_elements.c(156): warning C4244: '=': conversion from 'double' to 'float', possible loss of data
d:\2d\2dproj\watchabuyin\watchabuyin\src\gf2d_elements.c(188): warning C4244: '=': conversion from 'double' to 'float', possible loss of data
d:\2d\2dproj\watchabuyin\watchabuyin\src\gf2d_elements.c(189): warning C4244: '=': conversion from 'double' to 'float', possible loss of data
  gf2d_entity.c
d:\2d\2dproj\watchabuyin\watchabuyin\include\gf2d_text.h(81): error C2061: syntax error: identifier 'TTF_Font'
d:\2d\2dproj\watchabuyin\watchabuyin\include\gf2d_text.h(84): error C2059: syntax error: '}'
d:\2d\2dproj\watchabuyin\watchabuyin\src\gf2d_entity.c(20): warning C4018: '<': signed/unsigned mismatch
d:\2d\2dproj\watchabuyin\watchabuyin\src\gf2d_entity.c(48): warning C4113: 'void (__cdecl *)()' differs in parameter lists from 'void (__cdecl *)(void)'
d:\2d\2dproj\watchabuyin\watchabuyin\src\gf2d_entity.c(69): warning C4018: '<': signed/unsigned mismatch
d:\2d\2dproj\watchabuyin\watchabuyin\src\gf2d_entity.c(83): warning C4018: '<': signed/unsigned mismatch
d:\2d\2dproj\watchabuyin\watchabuyin\src\gf2d_entity.c(126): warning C4018: '<': signed/unsigned mismatch
d:\2d\2dproj\watchabuyin\watchabuyin\src\gf2d_entity.c(174): warning C4018: '<': signed/unsigned mismatch
d:\2d\2dproj\watchabuyin\watchabuyin\src\gf2d_entity.c(187): warning C4018: '<': signed/unsigned mismatch
d:\2d\2dproj\watchabuyin\watchabuyin\src\gf2d_entity.c(197): warning C4018: '<': signed/unsigned mismatch
d:\2d\2dproj\watchabuyin\watchabuyin\src\gf2d_entity.c(207): warning C4018: '<': signed/unsigned mismatch
  gf2d_input.c
d:\2d\2dproj\watchabuyin\watchabuyin\include\gf2d_text.h(81): error C2061: syntax error: identifier 'TTF_Font'
d:\2d\2dproj\watchabuyin\watchabuyin\include\gf2d_text.h(84): error C2059: syntax error: '}'
d:\2d\2dproj\watchabuyin\watchabuyin\src\gf2d_input.c(95): warning C4068: unknown pragma
d:\2d\2dproj\watchabuyin\watchabuyin\src\gf2d_input.c(233): warning C4113: 'void (__cdecl *)()' differs in parameter lists from 'void (__cdecl *)(void)'
d:\2d\2dproj\watchabuyin\watchabuyin\src\gf2d_input.c(489): warning C4068: unknown pragma
  gf2d_mouse.c
d:\2d\2dproj\watchabuyin\watchabuyin\include\gf2d_text.h(81): error C2061: syntax error: identifier 'TTF_Font'
d:\2d\2dproj\watchabuyin\watchabuyin\include\gf2d_text.h(84): error C2059: syntax error: '}'
  gf2d_particles.c
d:\2d\2dproj\watchabuyin\watchabuyin\include\gf2d_text.h(81): error C2061: syntax error: identifier 'TTF_Font'
d:\2d\2dproj\watchabuyin\watchabuyin\include\gf2d_text.h(84): error C2059: syntax error: '}'
d:\2d\2dproj\watchabuyin\watchabuyin\src\gf2d_particles.c(58): warning C4018: '<': signed/unsigned mismatch
d:\2d\2dproj\watchabuyin\watchabuyin\src\gf2d_particles.c(157): warning C4018: '<': signed/unsigned mismatch
d:\2d\2dproj\watchabuyin\watchabuyin\src\gf2d_particles.c(167): warning C4018: '<': signed/unsigned mismatch
d:\2d\2dproj\watchabuyin\watchabuyin\src\gf2d_particles.c(187): warning C4018: '<': signed/unsigned mismatch
d:\2d\2dproj\watchabuyin\watchabuyin\src\gf2d_particles.c(189): warning C4244: '=': conversion from 'double' to 'float', possible loss of data
d:\2d\2dproj\watchabuyin\watchabuyin\src\gf2d_particles.c(190): warning C4244: '=': conversion from 'double' to 'float', possible loss of data
d:\2d\2dproj\watchabuyin\watchabuyin\src\gf2d_particles.c(191): warning C4244: '=': conversion from 'double' to 'float', possible loss of data
d:\2d\2dproj\watchabuyin\watchabuyin\src\gf2d_particles.c(192): warning C4244: '=': conversion from 'double' to 'float', possible loss of data
d:\2d\2dproj\watchabuyin\watchabuyin\src\gf2d_particles.c(202): warning C4244: 'function': conversion from 'double' to 'Uint32', possible loss of data
d:\2d\2dproj\watchabuyin\watchabuyin\src\gf2d_particles.c(243): warning C4018: '<': signed/unsigned mismatch
d:\2d\2dproj\watchabuyin\watchabuyin\src\gf2d_particles.c(317): warning C4018: '<': signed/unsigned mismatch
d:\2d\2dproj\watchabuyin\watchabuyin\src\gf2d_particles.c(382): warning C4244: '=': conversion from 'int' to 'float', possible loss of data
  gf2d_sprite.c
d:\2d\2dproj\watchabuyin\watchabuyin\include\gf2d_text.h(81): error C2061: syntax error: identifier 'TTF_Font'
d:\2d\2dproj\watchabuyin\watchabuyin\include\gf2d_text.h(84): error C2059: syntax error: '}'
d:\2d\2dproj\watchabuyin\watchabuyin\src\gf2d_sprite.c(46): warning C4113: 'void (__cdecl *)()' differs in parameter lists from 'void (__cdecl *)(void)'
d:\2d\2dproj\watchabuyin\watchabuyin\src\gf2d_sprite.c(72): warning C4018: '<': signed/unsigned mismatch
d:\2d\2dproj\watchabuyin\watchabuyin\src\gf2d_sprite.c(82): warning C4018: '<': signed/unsigned mismatch
d:\2d\2dproj\watchabuyin\watchabuyin\src\gf2d_sprite.c(91): warning C4018: '<': signed/unsigned mismatch
d:\2d\2dproj\watchabuyin\watchabuyin\src\gf2d_sprite.c(107): warning C4018: '<': signed/unsigned mismatch
d:\2d\2dproj\watchabuyin\watchabuyin\src\gf2d_sprite.c(248): warning C4244: '=': conversion from 'double' to 'int', possible loss of data
d:\2d\2dproj\watchabuyin\watchabuyin\src\gf2d_sprite.c(300): warning C4244: '=': conversion from 'double' to 'int', possible loss of data
d:\2d\2dproj\watchabuyin\watchabuyin\src\gf2d_sprite.c(301): warning C4244: '*=': conversion from 'double' to 'int', possible loss of data
d:\2d\2dproj\watchabuyin\watchabuyin\src\gf2d_sprite.c(302): warning C4244: '*=': conversion from 'double' to 'int', possible loss of data
d:\2d\2dproj\watchabuyin\watchabuyin\src\gf2d_sprite.c(313): warning C4244: 'function': conversion from 'double' to 'Uint8', possible loss of data
d:\2d\2dproj\watchabuyin\watchabuyin\src\gf2d_sprite.c(314): warning C4244: 'function': conversion from 'double' to 'Uint8', possible loss of data
d:\2d\2dproj\watchabuyin\watchabuyin\src\gf2d_sprite.c(315): warning C4244: 'function': conversion from 'double' to 'Uint8', possible loss of data
d:\2d\2dproj\watchabuyin\watchabuyin\src\gf2d_sprite.c(318): warning C4244: 'function': conversion from 'double' to 'Uint8', possible loss of data
d:\2d\2dproj\watchabuyin\watchabuyin\src\gf2d_sprite.c(333): warning C4244: '=': conversion from 'double' to 'int', possible loss of data
  gf2d_text.c
d:\2d\2dproj\watchabuyin\watchabuyin\src\gf2d_text.c(23): warning C4018: '<': signed/unsigned mismatch
d:\2d\2dproj\watchabuyin\watchabuyin\src\gf2d_text.c(43): warning C4113: 'void (__cdecl *)()' differs in parameter lists from 'void (__cdecl *)(void)'
d:\2d\2dproj\watchabuyin\watchabuyin\src\gf2d_text.c(177): warning C4018: '<': signed/unsigned mismatch
d:\2d\2dproj\watchabuyin\watchabuyin\src\gf2d_text.c(248): warning C4244: '=': conversion from 'double' to 'int', possible loss of data
  Generating Code...
d:\2d\2dproj\watchabuyin\watchabuyin\src\ui.c(44): warning C4715: 'new_window': not all control paths return a value
  Compiling...
  gf2d_windows.c
d:\2d\2dproj\watchabuyin\watchabuyin\include\gf2d_text.h(81): error C2061: syntax error: identifier 'TTF_Font'
d:\2d\2dproj\watchabuyin\watchabuyin\include\gf2d_text.h(84): error C2059: syntax error: '}'
d:\2d\2dproj\watchabuyin\watchabuyin\src\gf2d_windows.c(169): warning C4113: 'void (__cdecl *)()' differs in parameter lists from 'void (__cdecl *)(void)'
d:\2d\2dproj\watchabuyin\watchabuyin\src\gf2d_windows.c(308): warning C4244: '=': conversion from 'double' to 'float', possible loss of data
d:\2d\2dproj\watchabuyin\watchabuyin\src\gf2d_windows.c(312): warning C4244: '=': conversion from 'double' to 'float', possible loss of data
d:\2d\2dproj\watchabuyin\watchabuyin\src\gf2d_windows.c(327): warning C4244: '=': conversion from 'double' to 'float', possible loss of data
d:\2d\2dproj\watchabuyin\watchabuyin\src\gf2d_windows.c(331): warning C4244: '=': conversion from 'double' to 'float', possible loss of data
d:\2d\2dproj\watchabuyin\watchabuyin\src\gf2d_windows.c(342): warning C4244: '*=': conversion from 'double' to 'float', possible loss of data
d:\2d\2dproj\watchabuyin\watchabuyin\src\gf2d_windows.c(346): warning C4244: '*=': conversion from 'double' to 'float', possible loss of data
d:\2d\2dproj\watchabuyin\watchabuyin\src\gf2d_windows.c(350): warning C4244: '*=': conversion from 'double' to 'float', possible loss of data
d:\2d\2dproj\watchabuyin\watchabuyin\src\gf2d_windows.c(354): warning C4244: '*=': conversion from 'double' to 'float', possible loss of data
d:\2d\2dproj\watchabuyin\watchabuyin\src\gf2d_windows.c(359): warning C4244: '=': conversion from 'double' to 'float', possible loss of data
d:\2d\2dproj\watchabuyin\watchabuyin\src\gf2d_windows.c(363): warning C4244: '=': conversion from 'double' to 'float', possible loss of data
d:\2d\2dproj\watchabuyin\watchabuyin\src\gf2d_windows.c(409): warning C4244: 'function': conversion from 'double' to 'float', possible loss of data
  level.c
d:\2d\2dproj\watchabuyin\watchabuyin\include\gf2d_text.h(81): error C2061: syntax error: identifier 'TTF_Font'
d:\2d\2dproj\watchabuyin\watchabuyin\include\gf2d_text.h(84): error C2059: syntax error: '}'
d:\2d\2dproj\watchabuyin\watchabuyin\src\level.c(87): warning C4028: formal parameter 4 different from declaration
d:\2d\2dproj\watchabuyin\watchabuyin\src\level.c(87): warning C4028: formal parameter 5 different from declaration
d:\2d\2dproj\watchabuyin\watchabuyin\src\level.c(87): warning C4029: declared formal parameter list different from definition
d:\2d\2dproj\watchabuyin\watchabuyin\src\level.c(102): warning C4244: 'function': conversion from 'double' to 'int', possible loss of data
d:\2d\2dproj\watchabuyin\watchabuyin\src\level.c(138): warning C4018: '<': signed/unsigned mismatch
d:\2d\2dproj\watchabuyin\watchabuyin\src\level.c(141): warning C4018: '<': signed/unsigned mismatch
d:\2d\2dproj\watchabuyin\watchabuyin\src\level.c(210): warning C4244: 'function': conversion from 'int' to 'float', possible loss of data
d:\2d\2dproj\watchabuyin\watchabuyin\src\level.c(211): warning C4305: 'function': truncation from 'double' to 'float'
d:\2d\2dproj\watchabuyin\watchabuyin\src\level.c(214): warning C4305: 'function': truncation from 'double' to 'float'
d:\2d\2dproj\watchabuyin\watchabuyin\src\level.c(238): warning C4244: 'function': conversion from 'double' to 'int', possible loss of data
d:\2d\2dproj\watchabuyin\watchabuyin\src\level.c(239): warning C4244: 'function': conversion from 'double' to 'int', possible loss of data
d:\2d\2dproj\watchabuyin\watchabuyin\src\level.c(341): warning C4244: 'function': conversion from 'double' to 'float', possible loss of data
d:\2d\2dproj\watchabuyin\watchabuyin\src\level.c(368): warning C4244: 'function': conversion from 'double' to 'float', possible loss of data
d:\2d\2dproj\watchabuyin\watchabuyin\src\level.c(409): warning C4244: 'function': conversion from 'double' to 'Sint32', possible loss of data
d:\2d\2dproj\watchabuyin\watchabuyin\src\level.c(410): warning C4244: 'function': conversion from 'double' to 'Sint32', possible loss of data
d:\2d\2dproj\watchabuyin\watchabuyin\src\level.c(415): warning C4244: 'function': conversion from 'double' to 'Sint32', possible loss of data
d:\2d\2dproj\watchabuyin\watchabuyin\src\level.c(416): warning C4244: 'function': conversion from 'double' to 'Sint32', possible loss of data
d:\2d\2dproj\watchabuyin\watchabuyin\src\level.c(421): warning C4244: 'function': conversion from 'double' to 'Sint32', possible loss of data
d:\2d\2dproj\watchabuyin\watchabuyin\src\level.c(422): warning C4244: 'function': conversion from 'double' to 'Sint32', possible loss of data
d:\2d\2dproj\watchabuyin\watchabuyin\src\level.c(427): warning C4244: 'function': conversion from 'double' to 'Sint32', possible loss of data
d:\2d\2dproj\watchabuyin\watchabuyin\src\level.c(428): warning C4244: 'function': conversion from 'double' to 'Sint32', possible loss of data
d:\2d\2dproj\watchabuyin\watchabuyin\src\level.c(433): warning C4244: 'function': conversion from 'double' to 'Sint32', possible loss of data
d:\2d\2dproj\watchabuyin\watchabuyin\src\level.c(434): warning C4244: 'function': conversion from 'double' to 'Sint32', possible loss of data
d:\2d\2dproj\watchabuyin\watchabuyin\src\level.c(439): warning C4244: 'function': conversion from 'double' to 'Sint32', possible loss of data
d:\2d\2dproj\watchabuyin\watchabuyin\src\level.c(440): warning C4244: 'function': conversion from 'double' to 'Sint32', possible loss of data
  level_graph.c
d:\2d\2dproj\watchabuyin\watchabuyin\include\gf2d_text.h(81): error C2061: syntax error: identifier 'TTF_Font'
d:\2d\2dproj\watchabuyin\watchabuyin\include\gf2d_text.h(84): error C2059: syntax error: '}'
  monster.c
d:\2d\2dproj\watchabuyin\watchabuyin\include\gf2d_text.h(81): error C2061: syntax error: identifier 'TTF_Font'
d:\2d\2dproj\watchabuyin\watchabuyin\include\gf2d_text.h(84): error C2059: syntax error: '}'
  pickup.c
d:\2d\2dproj\watchabuyin\watchabuyin\include\gf2d_text.h(81): error C2061: syntax error: identifier 'TTF_Font'
d:\2d\2dproj\watchabuyin\watchabuyin\include\gf2d_text.h(84): error C2059: syntax error: '}'
  player.c
d:\2d\2dproj\watchabuyin\watchabuyin\include\gf2d_text.h(81): error C2061: syntax error: identifier 'TTF_Font'
d:\2d\2dproj\watchabuyin\watchabuyin\include\gf2d_text.h(84): error C2059: syntax error: '}'
d:\2d\2dproj\watchabuyin\watchabuyin\src\player.c(35): warning C4305: 'initializing': truncation from 'double' to 'float'
d:\2d\2dproj\watchabuyin\watchabuyin\src\player.c(160): warning C4244: '=': conversion from 'int' to 'float', possible loss of data
d:\2d\2dproj\watchabuyin\watchabuyin\src\player.c(184): warning C4305: '-=': truncation from 'double' to 'float'
  spawn.c
d:\2d\2dproj\watchabuyin\watchabuyin\include\gf2d_text.h(81): error C2061: syntax error: identifier 'TTF_Font'
d:\2d\2dproj\watchabuyin\watchabuyin\include\gf2d_text.h(84): error C2059: syntax error: '}'
  windows_common.c
d:\2d\2dproj\watchabuyin\watchabuyin\include\gf2d_text.h(81): error C2061: syntax error: identifier 'TTF_Font'
d:\2d\2dproj\watchabuyin\watchabuyin\include\gf2d_text.h(84): error C2059: syntax error: '}'
  Generating Code...
