d:\2d\2dproj\watchabuyin\watchabuyin\debug\vc141.pdb
d:\2d\2dproj\watchabuyin\watchabuyin\debug\vc141.idb
d:\2d\2dproj\watchabuyin\watchabuyin\debug\gf2d_input.obj
d:\2d\2dproj\watchabuyin\watchabuyin\debug\gf2d_graphics.obj
d:\2d\2dproj\watchabuyin\watchabuyin\debug\gf2d_entity.obj
d:\2d\2dproj\watchabuyin\watchabuyin\debug\gf2d_element_list.obj
d:\2d\2dproj\watchabuyin\watchabuyin\debug\gf2d_element_label.obj
d:\2d\2dproj\watchabuyin\watchabuyin\debug\gf2d_element_entry.obj
d:\2d\2dproj\watchabuyin\watchabuyin\debug\gf2d_element_button.obj
d:\2d\2dproj\watchabuyin\watchabuyin\debug\gf2d_element_actor.obj
d:\2d\2dproj\watchabuyin\watchabuyin\debug\gf2d_elements.obj
d:\2d\2dproj\watchabuyin\watchabuyin\debug\gf2d_draw.obj
d:\2d\2dproj\watchabuyin\watchabuyin\debug\gf2d_config.obj
d:\2d\2dproj\watchabuyin\watchabuyin\debug\gf2d_color.obj
d:\2d\2dproj\watchabuyin\watchabuyin\debug\gf2d_collision.obj
d:\2d\2dproj\watchabuyin\watchabuyin\debug\gf2d_callbacks.obj
d:\2d\2dproj\watchabuyin\watchabuyin\debug\gf2d_audio.obj
d:\2d\2dproj\watchabuyin\watchabuyin\debug\gf2d_actor.obj
d:\2d\2dproj\watchabuyin\watchabuyin\debug\game.obj
d:\2d\2dproj\watchabuyin\watchabuyin\debug\entity_common.obj
d:\2d\2dproj\watchabuyin\watchabuyin\debug\editor.obj
d:\2d\2dproj\watchabuyin\watchabuyin\debug\camera.obj
d:\2d\2dproj\watchabuyin\watchabuyin\debug\windows_common.obj
d:\2d\2dproj\watchabuyin\watchabuyin\debug\spawn.obj
d:\2d\2dproj\watchabuyin\watchabuyin\debug\simple_logger.obj
d:\2d\2dproj\watchabuyin\watchabuyin\debug\player.obj
d:\2d\2dproj\watchabuyin\watchabuyin\debug\pickup.obj
d:\2d\2dproj\watchabuyin\watchabuyin\debug\monster.obj
d:\2d\2dproj\watchabuyin\watchabuyin\debug\level.obj
d:\2d\2dproj\watchabuyin\watchabuyin\debug\gf2d_windows.obj
d:\2d\2dproj\watchabuyin\watchabuyin\debug\gf2d_vector.obj
d:\2d\2dproj\watchabuyin\watchabuyin\debug\gf2d_sprite.obj
d:\2d\2dproj\watchabuyin\watchabuyin\debug\gf2d_shape.obj
d:\2d\2dproj\watchabuyin\watchabuyin\debug\gf2d_particles.obj
d:\2d\2dproj\watchabuyin\watchabuyin\debug\gf2d_mouse.obj
d:\2d\2dproj\watchabuyin\watchabuyin\debug\gf2d_list.obj
d:\2d\2dproj\watchabuyin\watchabuyin\debug\gf2d_text.obj
d:\2d\2dproj\watchabuyin\watchabuyin\watchabuyin.pdb
d:\2d\2dproj\watchabuyin\watchabuyin\debug\watchabuyin.tlog\cl.command.1.tlog
d:\2d\2dproj\watchabuyin\watchabuyin\debug\watchabuyin.tlog\cl.read.1.tlog
d:\2d\2dproj\watchabuyin\watchabuyin\debug\watchabuyin.tlog\cl.write.1.tlog
d:\2d\2dproj\watchabuyin\watchabuyin\debug\watchabuyin.tlog\link-cvtres.read.1.tlog
d:\2d\2dproj\watchabuyin\watchabuyin\debug\watchabuyin.tlog\link-cvtres.write.1.tlog
d:\2d\2dproj\watchabuyin\watchabuyin\debug\watchabuyin.tlog\link-rc.read.1.tlog
d:\2d\2dproj\watchabuyin\watchabuyin\debug\watchabuyin.tlog\link-rc.write.1.tlog
d:\2d\2dproj\watchabuyin\watchabuyin\debug\watchabuyin.tlog\link.command.1.tlog
d:\2d\2dproj\watchabuyin\watchabuyin\debug\watchabuyin.tlog\link.read.1.tlog
d:\2d\2dproj\watchabuyin\watchabuyin\debug\watchabuyin.tlog\link.write.1.tlog
