d:\2d\2dproj\2d_gamedev\win32\game\2d_dungeoncrawler\debug\vc141.pdb
d:\2d\2dproj\2d_gamedev\win32\game\2d_dungeoncrawler\debug\vc141.idb
d:\2d\2dproj\2d_gamedev\win32\game\2d_dungeoncrawler\debug\simple_logger.obj
d:\2d\2dproj\2d_gamedev\win32\game\2d_dungeoncrawler\debug\gf2d_vector.obj
d:\2d\2dproj\2d_gamedev\win32\game\2d_dungeoncrawler\debug\gf2d_sprite.obj
d:\2d\2dproj\2d_gamedev\win32\game\2d_dungeoncrawler\debug\gf2d_graphics.obj
d:\2d\2dproj\2d_gamedev\win32\game\2d_dungeoncrawler\debug\gf2d_draw.obj
d:\2d\2dproj\2d_gamedev\win32\game\2d_dungeoncrawler\debug\game.obj
d:\2d\2dproj\2d_gamedev\win32\game\2d_dungeoncrawler\debug\entity.obj
d:\2d\2dproj\2d_gamedev\2d_dungeoncrawler.pdb
d:\2d\2dproj\2d_gamedev\win32\game\2d_dungeoncrawler\debug\2d_dunge.bd43126a.tlog\cl.command.1.tlog
d:\2d\2dproj\2d_gamedev\win32\game\2d_dungeoncrawler\debug\2d_dunge.bd43126a.tlog\cl.read.1.tlog
d:\2d\2dproj\2d_gamedev\win32\game\2d_dungeoncrawler\debug\2d_dunge.bd43126a.tlog\cl.write.1.tlog
d:\2d\2dproj\2d_gamedev\win32\game\2d_dungeoncrawler\debug\2d_dunge.bd43126a.tlog\link-cvtres.read.1.tlog
d:\2d\2dproj\2d_gamedev\win32\game\2d_dungeoncrawler\debug\2d_dunge.bd43126a.tlog\link-cvtres.write.1.tlog
d:\2d\2dproj\2d_gamedev\win32\game\2d_dungeoncrawler\debug\2d_dunge.bd43126a.tlog\link-rc.read.1.tlog
d:\2d\2dproj\2d_gamedev\win32\game\2d_dungeoncrawler\debug\2d_dunge.bd43126a.tlog\link-rc.write.1.tlog
d:\2d\2dproj\2d_gamedev\win32\game\2d_dungeoncrawler\debug\2d_dunge.bd43126a.tlog\link.command.1.tlog
d:\2d\2dproj\2d_gamedev\win32\game\2d_dungeoncrawler\debug\2d_dunge.bd43126a.tlog\link.read.1.tlog
d:\2d\2dproj\2d_gamedev\win32\game\2d_dungeoncrawler\debug\2d_dunge.bd43126a.tlog\link.write.1.tlog
